<?xml version="1.0" encoding="UTF-8" standalone="no"?><testsuites><testsuite errors="0" failures="0" hostname="BX903J7181_Sony_C6603" name="com.elephanti.elephanti.test" tests="2" time="1.4770" timestamp="Wed Apr 16 11:33:15 IST 2014"><properties><property name="java.runtime.name" value="Java(TM) SE Runtime Environment"/><property name="sun.boot.library.path" value="/Library/Java/JavaVirtualMachines/jdk1.7.0_40.jdk/Contents/Home/jre/lib"/><property name="java.vm.version" value="24.0-b56"/><property name="user.country.format" value="LK"/><property name="gopherProxySet" value="false"/><property name="java.vm.vendor" value="Oracle Corporation"/><property name="java.vendor.url" value="http://java.oracle.com/"/><property name="guice.disable.misplaced.annotation.check" value="true"/><property name="path.separator" value=":"/><property name="java.vm.name" value="Java HotSpot(TM) 64-Bit Server VM"/><property name="file.encoding.pkg" value="sun.io"/><property name="user.country" value="US"/><property name="sun.java.launcher" value="SUN_STANDARD"/><property name="sun.os.patch.level" value="unknown"/><property name="java.vm.specification.name" value="Java Virtual Machine Specification"/><property name="user.dir" value="/Users/shanuka/Documents/lycaflykuria/Elephanti-parent"/><property name="java.runtime.version" value="1.7.0_40-b43"/><property name="java.awt.graphicsenv" value="sun.awt.CGraphicsEnvironment"/><property name="java.endorsed.dirs" value="/Library/Java/JavaVirtualMachines/jdk1.7.0_40.jdk/Contents/Home/jre/lib/endorsed"/><property name="os.arch" value="x86_64"/><property name="java.io.tmpdir" value="/var/folders/gx/k1wsdbl572bdx30m59fj677h0000gn/T/"/><property name="line.separator" value="&#10;"/><property name="java.vm.specification.vendor" value="Oracle Corporation"/><property name="os.name" value="Mac OS X"/><property name="classworlds.conf" value="/Users/shanuka/Documents/lycaflykuria/.metadata/.plugins/org.eclipse.m2e.launching/launches/m2conf2087061658911196924.tmp"/><property name="sun.jnu.encoding" value="UTF-8"/><property name="java.library.path" value="/Users/shanuka/Library/Java/Extensions:/Library/Java/Extensions:/Network/Library/Java/Extensions:/System/Library/Java/Extensions:/usr/lib/java:."/><property name="java.specification.name" value="Java Platform API Specification"/><property name="java.class.version" value="51.0"/><property name="sun.management.compiler" value="HotSpot 64-Bit Tiered Compilers"/><property name="os.version" value="10.9.2"/><property name="http.nonProxyHosts" value="local|*.local|169.254/16|*.169.254/16"/><property name="user.home" value="/Users/shanuka"/><property name="user.timezone" value="Asia/Colombo"/><property name="java.awt.printerjob" value="sun.lwawt.macosx.CPrinterJob"/><property name="file.encoding" value="US-ASCII"/><property name="java.specification.version" value="1.7"/><property name="java.class.path" value="/usr/local/Cellar/maven30/apache-maven-3.1.1/boot/plexus-classworlds-2.5.1.jar"/><property name="user.name" value="shanuka"/><property name="org.slf4j.simpleLogger.defaultLogLevel" value="info"/><property name="java.vm.specification.version" value="1.7"/><property name="sun.java.command" value="org.codehaus.classworlds.Launcher -B install"/><property name="java.home" value="/Library/Java/JavaVirtualMachines/jdk1.7.0_40.jdk/Contents/Home/jre"/><property name="sun.arch.data.model" value="64"/><property name="user.language" value="en"/><property name="java.specification.vendor" value="Oracle Corporation"/><property name="awt.toolkit" value="sun.lwawt.macosx.LWCToolkit"/><property name="java.vm.info" value="mixed mode"/><property name="java.version" value="1.7.0_40"/><property name="java.ext.dirs" value="/Users/shanuka/Library/Java/Extensions:/Library/Java/JavaVirtualMachines/jdk1.7.0_40.jdk/Contents/Home/jre/lib/ext:/Library/Java/Extensions:/Network/Library/Java/Extensions:/System/Library/Java/Extensions:/usr/lib/java"/><property name="sun.boot.class.path" value="/Library/Java/JavaVirtualMachines/jdk1.7.0_40.jdk/Contents/Home/jre/lib/resources.jar:/Library/Java/JavaVirtualMachines/jdk1.7.0_40.jdk/Contents/Home/jre/lib/rt.jar:/Library/Java/JavaVirtualMachines/jdk1.7.0_40.jdk/Contents/Home/jre/lib/sunrsasign.jar:/Library/Java/JavaVirtualMachines/jdk1.7.0_40.jdk/Contents/Home/jre/lib/jsse.jar:/Library/Java/JavaVirtualMachines/jdk1.7.0_40.jdk/Contents/Home/jre/lib/jce.jar:/Library/Java/JavaVirtualMachines/jdk1.7.0_40.jdk/Contents/Home/jre/lib/charsets.jar:/Library/Java/JavaVirtualMachines/jdk1.7.0_40.jdk/Contents/Home/jre/lib/jfr.jar:/Library/Java/JavaVirtualMachines/jdk1.7.0_40.jdk/Contents/Home/jre/lib/JObjC.jar:/Library/Java/JavaVirtualMachines/jdk1.7.0_40.jdk/Contents/Home/jre/classes"/><property name="java.vendor" value="Oracle Corporation"/><property name="maven.home" value="/usr/local/Cellar/maven30/apache-maven-3.1.1"/><property name="file.separator" value="/"/><property name="java.vendor.url.bug" value="http://bugreport.sun.com/bugreport/"/><property name="maven.bootclasspath" value="/usr/local/Cellar/maven30/apache-maven-3.1.1/boot/plexus-classworlds-2.5.1.jar"/><property name="sun.io.unicode.encoding" value="UnicodeBig"/><property name="sun.cpu.endian" value="little"/><property name="socksNonProxyHosts" value="local|*.local|169.254/16|*.169.254/16"/><property name="ftp.nonProxyHosts" value="local|*.local|169.254/16|*.169.254/16"/><property name="sun.cpu.isalist" value=""/><property name="ro.product.manufacturer" value="Sony"/><property name="net.tcp.buffersize.hsupa" value="4094,87380,1220608,4096,16384,1220608"/><property name="init.svc.netmgrd" value="running"/><property name="media.stagefright.enable-scan" value="true"/><property name="debug.mdpcomp.logs" value="0"/><property name="gsm.operator.iso-country" value="lk"/><property name="ro.product.model" value="C6603"/><property name="media.stagefright.enable-http" value="true"/><property name="ro.semc.ms_type_id" value="PM-0270-BV"/><property name="init.svc.irsc_util" value="stopped"/><property name="ro.boot.serialno" value="BX903J7181"/><property name="net.hostname" value="android-1c295dd9596688e7"/><property name="ro.qc.sdk.gestures.camera" value="false"/><property name="sys.usb.config" value="mtp,adb"/><property name="init.svc.netconfig" value="stopped"/><property name="init.svc.display_cc" value="stopped"/><property name="persist.service.bdroid.bdaddr" value="22:22:64:1c:89:aa"/><property name="ro.nfc.icon.enable" value="true"/><property name="persist.rild.nitz_short_ons_3" value=""/><property name="mm.enable.smoothstreaming" value="true"/><property name="gsm.operator.isroaming" value="false"/><property name="persist.rild.nitz_short_ons_0" value=""/><property name="persist.rild.nitz_short_ons_1" value=""/><property name="persist.rild.nitz_short_ons_2" value=""/><property name="ro.usb.pid_suffix" value="193"/><property name="dhcp.wlan0.dns3" value=""/><property name="dhcp.wlan0.dns2" value="8.8.8.8"/><property name="dhcp.wlan0.dns1" value="10.10.10.1"/><property name="ro.nfc.on.default" value="true"/><property name="dhcp.wlan0.dns4" value=""/><property name="init.svc.fota-snoop" value="stopped"/><property name="ro.allow.mock.location" value="0"/><property name="sys.swiqi.service.boot" value="1"/><property name="persist.radio.apm_sim_not_pwdn" value="1"/><property name="wlan.driver.ath" value="0"/><property name="camera.0.status.burst-shot" value="off"/><property name="gsm.version.baseband" value="9x15A-ACEFWMAZQ-30110089-54"/><property name="ro.crypto.fuse_sdcard" value="true"/><property name="persist.service.wakeup_monitor" value="0"/><property name="init.svc.fast-dormancy" value="running"/><property name="bluetooth.isEnabled" value="false"/><property name="ril.icctype" value="2"/><property name="init.svc.quipc_igsn" value="running"/><property name="dalvik.vm.heaptargetutilization" value="0.75"/><property name="persist.gralloc.cp.level3" value="1"/><property name="ro.product.device" value="C6603"/><property name="ro.semc.sols.company-code" value="5"/><property name="mpq.audio.decode" value="true"/><property name="init.svc.usbeng" value="stopped"/><property name="gsm.sim.state" value="READY"/><property name="ro.bluetooth.sap" value="true"/><property name="camera.0.status.video-record" value="off"/><property name="ro.qualcomm.bluetooth.map" value="true"/><property name="persist.timed.enable" value="true"/><property name="init.svc.gsiff_daemon" value="running"/><property name="net.tcp.buffersize.hspap" value="4094,87380,2097152,4096,16384,1220608"/><property name="persist.msm_therm.firstbootdone" value="1"/><property name="rild.libpath" value="/system/lib/libril-qc-qmi-1.so"/><property name="sys.boot_completed" value="1"/><property name="ro.build.tags" value="release-keys"/><property name="camera.1.status.still-preview" value="off"/><property name="ro.fuse_sdcard" value="true"/><property name="init.svc.ril-qmi" value="stopped"/><property name="dhcp.wlan0.pid" value="20687"/><property name="dalvik.vm.heapsize" value="512m"/><property name="dalvik.vm.stack-trace-file" value="/data/anr/traces.txt"/><property name="init.svc.tad_static" value="running"/><property name="ro.serialno" value="BX903J7181"/><property name="ro.nfc.se.smx.enable" value="false"/><property name="dalvik.vm.heapmaxfree" value="8m"/><property name="ro.com.google.clientidbase.ms" value="android-sonymobile"/><property name="ro.build.date" value="Wed Jan 15 17:28:36 2014"/><property name="ro.com.android.dataroaming" value="false"/><property name="hw.cabl.version" value="1.1.20130401"/><property name="wlan.driver.status" value="ok"/><property name="wlan.driver.config" value="/data/misc/wifi/WCNSS_qcom_cfg.ini"/><property name="init.svc.servicemanager" value="running"/><property name="ro.product-res-path" value="framework/SemcGenericUxpRes.apk"/><property name="ro.build.user" value="BuildUser"/><property name="init.svc.dxhdcpd" value="stopped"/><property name="ro.boot.hardware" value="qcom"/><property name="init.svc.qseecomd" value="running"/><property name="ro.carrier" value="unknown"/><property name="ro.secure" value="1"/><property name="camera.1.status.power" value="off"/><property name="gsm.operator.alpha" value="SRI DIALOG"/><property name="net.dns2" value="8.8.8.8"/><property name="net.dns1" value="10.10.10.1"/><property name="ro.qualcomm.bluetooth.nap" value="true"/><property name="persist.sys.usb.config" value="mtp,adb"/><property name="persist.cne.loc.policy.user" value="/system/etc/UserPolicy.xml"/><property name="init.svc.ta_qmi_client" value="running"/><property name="init.svc.qcom-sh" value="stopped"/><property name="ro.semc.content.number" value="PA9"/><property name="ro.hwui.external_width" value="1920"/><property name="ro.factorytest" value="0"/><property name="ro.build.fingerprint" value="Sony/C6603/C6603:4.3/10.4.1.B.0.101/mr_3rQ:user/release-keys"/><property name="service.bootanim.exit" value="1"/><property name="ro.semc.version.sw_revision" value="10.4.1.B.0.101"/><property name="ro.qc.sdk.sensors.gestures" value="true"/><property name="init.svc.mpdecision" value="running"/><property name="ro.sony.irremote.protocol_type" value="2"/><property name="ro.bluetooth.remote.autoconnect" value="true"/><property name="net.bt.name" value="Android"/><property name="ro.bootmode" value="unknown"/><property name="ro.nfc.se.sim.enable" value="true"/><property name="ro.nfc.vendor.name" value="nxp"/><property name="dhcp.wlan0.server" value="10.10.2.253"/><property name="ro.build.display.id" value="10.4.1.B.0.101"/><property name="ro.revision" value="0"/><property name="camera.0.name" value="SOI13BS2"/><property name="init.svc.sdcard" value="running"/><property name="wifi.interface" value="wlan0"/><property name="ro.semc.product.model" value="C6603"/><property name="persist.sys.timezone" value="Asia/Colombo"/><property name="media.stagefright.enable-fma2dp" value="true"/><property name="camera.1.status.light" value="off"/><property name="gsm.operator.numeric" value="41302"/><property name="init.svc.iw_command" value="stopped"/><property name="init.svc.iddd" value="running"/><property name="net.tcp.buffersize.evdo" value="4094,87380,262144,4096,16384,262144"/><property name="init.svc.usf-post-boot" value="stopped"/><property name="ro.qualcomm.bluetooth.hfp" value="true"/><property name="dalvik.vm.heapstartsize" value="8m"/><property name="init.svc.ppd" value="running"/><property name="init.svc.system_monitor" value="running"/><property name="ro.hwui.texture_cache_size" value="128.0f"/><property name="ro.qc.sdk.audio.ssr" value="false"/><property name="ro.bluetooth.hfp.ver" value="1.6"/><property name="persist.sys.localevar" value=""/><property name="ro.bluetooth.dun" value="true"/><property name="gsm.nitz.time" value="1397619835000"/><property name="gsm.sim.operator.numeric" value="41302"/><property name="ro.qc.sdk.izat.premium_enabled" value="0"/><property name="ro.qualcomm.bt.hci_transport" value="smd"/><property name="ro.config.notification_sound" value="notification.ogg"/><property name="ro.build.date.utc" value="1389803316"/><property name="vidc.debug.level" value="1"/><property name="persist.cne.snsr.based.rat.mgt" value="false"/><property name="mm.enable.qcom_parser" value="33395"/><property name="dhcp.wlan0.domain" value=""/><property name="persist.radio.adb_log_on" value="0"/><property name="ro.semc.version.sw_type" value="user"/><property name="init.svc.netd" value="running"/><property name="dalvik.vm.dexopt-flags" value="m=y"/><property name="init.svc.illumination" value="running"/><property name="ro.wifi.eap_sim_enabled" value="true"/><property name="sys.usb.state" value="mtp,adb"/><property name="ro.build.description" value="C6603-user 4.3 LAGAN-1.2-140123-0830 486 test-keys"/><property name="ro.qualcomm.bluetooth.pbap" value="true"/><property name="init.svc.location_mq" value="running"/><property name="ril.subscription.types" value="NV,RUIM"/><property name="dalvik.vm.heapgrowthlimit" value="192m"/><property name="init.svc.set-governor" value="stopped"/><property name="init.svc.suntrold" value="stopped"/><property name="ro.somc.clearphase.supported" value="true"/><property name="init.svc.surfaceflinger" value="running"/><property name="init.svc.qcom-c_main-sh" value="stopped"/><property name="persist.sys.country" value="US"/><property name="persist.actionsafe.maxwidth" value="20"/><property name="ro.com.google.gmsversion" value="4.3_r1"/><property name="ro.somc.customerid" value="442"/><property name="gsm.current.phone-type" value="1"/><property name="init.svc.qcom-c_core-sh" value="stopped"/><property name="dhcp.wlan0.mask" value="255.255.255.0"/><property name="ro.ril.svlte1x" value="false"/><property name="dhcp.wlan0.leasetime" value="172800"/><property name="camera.0.status.light" value="off"/><property name="persist.sys.actionsafe.height" value="5"/><property name="camera.1.status.video-preview" value="off"/><property name="init.svc.config_bluetooth" value="stopped"/><property name="dhcp.wlan0.gateway" value="10.10.2.254"/><property name="ro.hdmi.enable" value="true"/><property name="init.svc.qcom-post-boot" value="stopped"/><property name="ro.hwui.external_height" value="1080"/><property name="net.qtaguid_enabled" value="1"/><property name="gsm.network.type" value="UMTS"/><property name="ro.sys.umsdirtyratio" value="20"/><property name="ro.semc.sols.product-code" value="118"/><property name="qcom.hw.aac.encoder" value="true"/><property name="qcom.audio.init" value="complete"/><property name="persist.cne.feature" value="1"/><property name="gsm.sim.operator.alpha" value="Dialog"/><property name="ro.sony.fota.encrypteddata" value="supported"/><property name="persist.rild.nitz_plmn" value=""/><property name="sys.settings_secure_version" value="1"/><property name="persist.tareset.notfirstboot" value="1"/><property name="ro.qc.sdk.audio.fluencetype" value="none"/><property name="persist.sys.profiler_ms" value="0"/><property name="init.svc.ueventd" value="running"/><property name="init.svc.fsckwait" value="stopped"/><property name="ro.hwui.text_small_cache_width" value="2048"/><property name="persist.sys.wfd.virtual" value="0"/><property name="persist.audio.hp" value="true"/><property name="init.svc.qcom-usb-sh" value="stopped"/><property name="ro.semc.product.device" value="C66"/><property name="ro.bootloader" value="s1"/><property name="init.svc.vold" value="running"/><property name="ro.product.locale.excluded" value="ar_EG ar_IL fa_IR iw_IL"/><property name="persist.sys.safemode" value=""/><property name="keyguard.no_require_sim" value="true"/><property name="sys.settings_global_version" value="8"/><property name="persist.audio.fluence.mode" value="endfire"/><property name="persist.rmnet.mux" value="disabled"/><property name="ro.build.version.sdk" value="18"/><property name="init.svc.time_daemon" value="running"/><property name="debug.composition.type" value="dyn"/><property name="persist.audio.handset.mic" value="analog"/><property name="init.svc.lowi-server" value="running"/><property name="ril.ecclist" value="911,112"/><property name="debug.egl.hw" value="1"/><property name="sys.settings_system_version" value="2"/><property name="persist.cne.bat.range.low.med" value="30"/><property name="persist.audio.lowlatency.rec" value="false"/><property name="net.rmnet_usb0.dns1" value=""/><property name="net.rmnet_usb0.dns2" value=""/><property name="persist.cne.rat.acq.retry.tout" value="0"/><property name="DEVICE_PROVISIONED" value="1"/><property name="ro.boot.baseband" value="mdm"/><property name="ro.semc.version.fs" value="GLOBAL-LTE"/><property name="net.tcp.buffersize.wifi" value="524288,1048576,2097152,262144,524288,1048576"/><property name="persist.fuse_sdcard" value="true"/><property name="ro.product.brand" value="Sony"/><property name="dhcp.wlan0.result" value="ok"/><property name="persist.ro.ril.sms_sync_sending" value="1"/><property name="hw.cabl.yuv" value="0"/><property name="init.svc.scd" value="running"/><property name="ro.ril.transmitpower" value="true"/><property name="dev.bootcomplete" value="1"/><property name="ril.cat.first.start" value="false"/><property name="ro.semc.version.cust" value="1270-1412"/><property name="net.rmnet_usb0.gw" value=""/><property name="ro.warmboot.capability" value="1"/><property name="ro.semc.version.cust_revision" value="R1C"/><property name="ro.hardware" value="qcom"/><property name="ro.semc.xloud.supported" value="true"/><property name="ro.build.id" value="10.4.1.B.0.101"/><property name="persist.gps.qc_nlp_in_use" value="0"/><property name="init.svc.ssr_diag" value="running"/><property name="init.svc.grabramdump" value="stopped"/><property name="net.change" value="net.dns2"/><property name="ro.product.name" value="C6603"/><property name="persist.cne.bat.based.rat.mgt" value="false"/><property name="persist.radio.oem_socket" value="false"/><property name="camera.0.status.power" value="off"/><property name="init.svc.drm" value="running"/><property name="ro.build.version.codename" value="REL"/><property name="gsm.nitz.reftime" value="20647513"/><property name="rild.libargs" value="-d /dev/smd0"/><property name="ro.product.cpu.abi" value="armeabi-v7a"/><property name="dhcp.wlan0.vendorInfo" value=""/><property name="ro.sf.lcd_density" value="480"/><property name="init.svc.bootanim" value="stopped"/><property name="ro.com.google.clientidbase" value="android-sonyericsson"/><property name="net.tcp.buffersize.edge" value="4093,26280,35040,4096,16384,35040"/><property name="persist.actionsafe.maxheight" value="20"/><property name="init.svc.hw_config" value="stopped"/><property name="ro.hwui.text_cache_width" value="2048"/><property name="debug.enable.wl_log" value="1"/><property name="vold.post_fs_data_done" value="1"/><property name="ro.semc.version.fs_revision" value="10.4.1.B.0.101"/><property name="init.svc.credmgrd" value="running"/><property name="ro.product.cpu.abi2" value="armeabi"/><property name="drm.service.enabled" value="true"/><property name="persist.audio.vr.enable" value="false"/><property name="media.stagefright.enable-qcp" value="true"/><property name="init.svc.zygote" value="running"/><property name="init.svc.hciattach" value="stopped"/><property name="init.svc.dis_msm_therm" value="stopped"/><property name="persist.sys.cnd.iwlan" value="1"/><property name="init.svc.quipc_main" value="running"/><property name="bluetooth.status" value="off"/><property name="gsm.sim.operator.iso-country" value="lk"/><property name="ro.config.ringtone" value="xperia.ogg"/><property name="init.svc.cnd" value="running"/><property name="ro.build.type" value="user"/><property name="persist.cne.rat.acq.time.out" value="30000"/><property name="persist.debug.wfd.enable" value="1"/><property name="ro.build.version.incremental" value="mr_3rQ"/><property name="init.svc.adbd" value="running"/><property name="ro.qualcomm.bluetooth.hsp" value="true"/><property name="encoder.video.profile" value="high"/><property name="init.svc.rmt_storage" value="stopped"/><property name="init.svc.ril-daemon" value="running"/><property name="persist.cne.loc.policy.op" value="/system/etc/OperatorPolicy.xml"/><property name="ro.qualcomm.bluetooth.ftp" value="true"/><property name="camera.0.status.still-preview" value="off"/><property name="ro.debuggable" value="0"/><property name="ro.sony.serialno" value=""/><property name="lpa.decode" value="false"/><property name="init.svc.debuggerd" value="running"/><property name="media.stagefright.enable-aac" value="true"/><property name="persist.radio.eons.enabled" value="false"/><property name="init.svc.updatemiscta" value="stopped"/><property name="ro.drm.active.2" value="dtla,1"/><property name="ro.drm.active.3" value="marlin_import,1"/><property name="system_init.startsurfaceflinger" value="0"/><property name="ro.drm.active.0" value="marlin,1"/><property name="ro.drm.active.1" value="playready,1"/><property name="persist.sys.language" value="en"/><property name="ro.boot.emmc" value="true"/><property name="ro.drm.active.4" value="ckb,1"/><property name="ro.build.product" value="C6603"/><property name="ro.setupwizard.mode" value="OPTIONAL"/><property name="camera.0.status.video-preview" value="off"/><property name="init.svc.p2p_supplicant" value="running"/><property name="camera.1.name" value="SEM02BN0"/><property name="af.resampler.quality" value="255"/><property name="init.svc.xssm" value="running"/><property name="telephony.lteOnCdmaDevice" value="0"/><property name="camera.1.status.video-record" value="off"/><property name="ro.baseband" value="mdm"/><property name="debug.sf.hw" value="1"/><property name="ro.build.host" value="BuildHost"/><property name="ro.runtime.firstboot" value="1397609304927"/><property name="persist.gps.qmienabled" value="true"/><property name="ro.qualcomm.bluetooth.opp" value="true"/><property name="bluetooth.hciattach" value="false"/><property name="init.svc.kickstart" value="running"/><property name="persist.hwc.mdpcomp.enable" value="true"/><property name="init.svc.startup-prober" value="stopped"/><property name="persist.service.swiqi2.enable" value="1"/><property name="ro.telephony.default_network" value="9"/><property name="ro.crypto.state" value="unencrypted"/><property name="ro.boot.bootloader" value="s1"/><property name="mmp.enable.3g2" value="true"/><property name="persist.radio.add_power_save" value="1"/><property name="net.tcp.buffersize.hsdpa" value="4094,87380,1220608,4096,16384,110208"/><property name="camera.1.status.burst-shot" value="off"/><property name="dalvik.vm.heapminfree" value="512k"/><property name="ro.board.platform" value="msm8960"/><property name="ro.qc.sdk.izat.service_mask" value="0x4"/><property name="init.svc.atfwd" value="stopped"/><property name="ro.product.locale.language" value="xxhdpi"/><property name="ro.use_data_netmgrd" value="true"/><property name="ro.ril.svdo" value="false"/><property name="ro.qualcomm.cabl" value="1"/><property name="ro.qc.sdk.camera.facialproc" value="true"/><property name="gsm.defaultpdpcontext.active" value="false"/><property name="init.svc.keystore" value="running"/><property name="tunnel.audiovideo.decode" value="true"/><property name="persist.rild.nitz_long_ons_0" value=""/><property name="ro.vendor.extension_library" value="/system/lib/libqc-opt.so"/><property name="persist.rild.nitz_long_ons_2" value=""/><property name="persist.rild.nitz_long_ons_1" value=""/><property name="ro.build.characteristics" value="nosdcard"/><property name="persist.rild.nitz_long_ons_3" value=""/><property name="init.svc.qmuxd" value="running"/><property name="net.tcp.buffersize.lte" value="4094,87380,2097152,4096,65536,1220608"/><property name="ro.com.android.dateformat" value="MM-dd-yyyy"/><property name="net.tcp.buffersize.umts" value="4094,87380,110208,4096,16384,110208"/><property name="net.tcp.buffersize.default" value="4096,87380,110208,4096,16384,110208"/><property name="ro.bluetooth.request.master" value="true"/><property name="ro.adb.secure" value="1"/><property name="tunnel.decode" value="true"/><property name="persist.sys.boot.sound.volume" value="0"/><property name="ro.config.alarm_alert" value="alarm.ogg"/><property name="ro.semc.version.sw_variant" value="GENERIC"/><property name="gsm.version.ril-impl" value="Qualcomm RIL 1.0"/><property name="ro.nfc.limitation.camera" value="true"/><property name="ro.product.board" value="MSM8960"/><property name="init.svc.media" value="running"/><property name="ro.gps.agps_provider" value="1"/><property name="ro.semc.version.sw" value="1269-5309"/><property name="init.svc.btwlancoex" value="stopped"/><property name="persist.cne.bat.range.med.high" value="60"/><property name="persist.sys.actionsafe.width" value="5"/><property name="init.svc.ric" value="running"/><property name="sys.media.vdec.sw" value="0"/><property name="persist.cne.bwbased.rat.sel" value="false"/><property name="dhcp.wlan0.ipaddress" value="10.10.2.32"/><property name="ro.service.swiqi2.supported" value="true"/><property name="init.svc.dhcpcd_wlan0" value="running"/><property name="gsm.apn.sim.operator.numeric" value="41302"/><property name="net.tcp.buffersize.gprs" value="4092,8760,11680,4096,8760,11680"/><property name="ro.build.version.release" value="4.3"/><property name="net.tcp.buffersize.hspa" value="4094,87380,1220608,4096,16384,1220608"/><property name="media.aac_51_output_enabled" value="true"/><property name="ro.telephony.call_ring.multiple" value="false"/><property name="lpa.use-stagefright" value="true"/><property name="init.svc.wcnss-service" value="running"/><property name="ro.opengles.version" value="196608"/><property name="media.stagefright.enable-player" value="true"/><property name="dhcp.wlan0.reason" value="REBOOT"/><property name="ro.semc.product.name" value="Xperia Z"/><property name="ro.streaming.video.drs" value="true"/><property name="init.svc.installd" value="running"/><property name="hw.trueMirrorSupported" value="1"/><property name="ro.wifi.channels" value=""/><property name="ro.cpufreq.governor" value="interactive"/><property name="ro.drm.active.num" value="5"/></properties><testcase classname="com.elephanti.elephanti.test.HelloAndroidActivityTest" name="testActivity" time="0.5880"/><testcase classname="com.elephanti.elephanti.test.MainActivityTest" name="testActivity" time="0.8460"/></testsuite></testsuites>