<?xml version="1.0" encoding="UTF-8" standalone="no"?><testsuites><testsuite errors="0" failures="0" hostname="emulator-5554_andro14_unknown_google_sdk" name="com.elephanti.elephanti.test" tests="2" time="6.4120" timestamp="Mon Apr 14 12:04:55 IST 2014"><properties><property name="java.runtime.name" value="Java(TM) SE Runtime Environment"/><property name="sun.boot.library.path" value="/Library/Java/JavaVirtualMachines/jdk1.7.0_40.jdk/Contents/Home/jre/lib"/><property name="java.vm.version" value="24.0-b56"/><property name="user.country.format" value="LK"/><property name="gopherProxySet" value="false"/><property name="java.vm.vendor" value="Oracle Corporation"/><property name="java.vendor.url" value="http://java.oracle.com/"/><property name="guice.disable.misplaced.annotation.check" value="true"/><property name="path.separator" value=":"/><property name="java.vm.name" value="Java HotSpot(TM) 64-Bit Server VM"/><property name="file.encoding.pkg" value="sun.io"/><property name="user.country" value="US"/><property name="sun.java.launcher" value="SUN_STANDARD"/><property name="sun.os.patch.level" value="unknown"/><property name="java.vm.specification.name" value="Java Virtual Machine Specification"/><property name="user.dir" value="/Users/shanuka/Documents/lycaflykuria/Elephanti-parent"/><property name="java.runtime.version" value="1.7.0_40-b43"/><property name="java.awt.graphicsenv" value="sun.awt.CGraphicsEnvironment"/><property name="java.endorsed.dirs" value="/Library/Java/JavaVirtualMachines/jdk1.7.0_40.jdk/Contents/Home/jre/lib/endorsed"/><property name="os.arch" value="x86_64"/><property name="java.io.tmpdir" value="/var/folders/gx/k1wsdbl572bdx30m59fj677h0000gn/T/"/><property name="line.separator" value="&#10;"/><property name="java.vm.specification.vendor" value="Oracle Corporation"/><property name="os.name" value="Mac OS X"/><property name="classworlds.conf" value="/Users/shanuka/Documents/lycaflykuria/.metadata/.plugins/org.eclipse.m2e.launching/launches/m2conf122840060923467659.tmp"/><property name="sun.jnu.encoding" value="UTF-8"/><property name="java.library.path" value="/Users/shanuka/Library/Java/Extensions:/Library/Java/Extensions:/Network/Library/Java/Extensions:/System/Library/Java/Extensions:/usr/lib/java:."/><property name="java.specification.name" value="Java Platform API Specification"/><property name="java.class.version" value="51.0"/><property name="sun.management.compiler" value="HotSpot 64-Bit Tiered Compilers"/><property name="os.version" value="10.9.2"/><property name="http.nonProxyHosts" value="local|*.local|169.254/16|*.169.254/16"/><property name="user.home" value="/Users/shanuka"/><property name="user.timezone" value="Asia/Colombo"/><property name="java.awt.printerjob" value="sun.lwawt.macosx.CPrinterJob"/><property name="file.encoding" value="US-ASCII"/><property name="java.specification.version" value="1.7"/><property name="java.class.path" value="/usr/local/Cellar/maven30/apache-maven-3.1.1/boot/plexus-classworlds-2.5.1.jar"/><property name="user.name" value="shanuka"/><property name="org.slf4j.simpleLogger.defaultLogLevel" value="info"/><property name="java.vm.specification.version" value="1.7"/><property name="sun.java.command" value="org.codehaus.classworlds.Launcher -B install"/><property name="java.home" value="/Library/Java/JavaVirtualMachines/jdk1.7.0_40.jdk/Contents/Home/jre"/><property name="sun.arch.data.model" value="64"/><property name="user.language" value="en"/><property name="java.specification.vendor" value="Oracle Corporation"/><property name="awt.toolkit" value="sun.lwawt.macosx.LWCToolkit"/><property name="java.vm.info" value="mixed mode"/><property name="java.version" value="1.7.0_40"/><property name="java.ext.dirs" value="/Users/shanuka/Library/Java/Extensions:/Library/Java/JavaVirtualMachines/jdk1.7.0_40.jdk/Contents/Home/jre/lib/ext:/Library/Java/Extensions:/Network/Library/Java/Extensions:/System/Library/Java/Extensions:/usr/lib/java"/><property name="sun.boot.class.path" value="/Library/Java/JavaVirtualMachines/jdk1.7.0_40.jdk/Contents/Home/jre/lib/resources.jar:/Library/Java/JavaVirtualMachines/jdk1.7.0_40.jdk/Contents/Home/jre/lib/rt.jar:/Library/Java/JavaVirtualMachines/jdk1.7.0_40.jdk/Contents/Home/jre/lib/sunrsasign.jar:/Library/Java/JavaVirtualMachines/jdk1.7.0_40.jdk/Contents/Home/jre/lib/jsse.jar:/Library/Java/JavaVirtualMachines/jdk1.7.0_40.jdk/Contents/Home/jre/lib/jce.jar:/Library/Java/JavaVirtualMachines/jdk1.7.0_40.jdk/Contents/Home/jre/lib/charsets.jar:/Library/Java/JavaVirtualMachines/jdk1.7.0_40.jdk/Contents/Home/jre/lib/jfr.jar:/Library/Java/JavaVirtualMachines/jdk1.7.0_40.jdk/Contents/Home/jre/lib/JObjC.jar:/Library/Java/JavaVirtualMachines/jdk1.7.0_40.jdk/Contents/Home/jre/classes"/><property name="java.vendor" value="Oracle Corporation"/><property name="maven.home" value="/usr/local/Cellar/maven30/apache-maven-3.1.1"/><property name="file.separator" value="/"/><property name="java.vendor.url.bug" value="http://bugreport.sun.com/bugreport/"/><property name="maven.bootclasspath" value="/usr/local/Cellar/maven30/apache-maven-3.1.1/boot/plexus-classworlds-2.5.1.jar"/><property name="sun.io.unicode.encoding" value="UnicodeBig"/><property name="sun.cpu.endian" value="little"/><property name="socksNonProxyHosts" value="local|*.local|169.254/16|*.169.254/16"/><property name="ftp.nonProxyHosts" value="local|*.local|169.254/16|*.169.254/16"/><property name="sun.cpu.isalist" value=""/><property name="ro.product.manufacturer" value="unknown"/><property name="gsm.sim.operator.alpha" value="Android"/><property name="sys.settings_secure_version" value="1"/><property name="net.tcp.buffersize.hsupa" value="4094,87380,262144,4096,16384,262144"/><property name="ro.kernel.ndns" value="1"/><property name="ro.debuggable" value="1"/><property name="persist.sys.usb.config" value="adb"/><property name="init.svc.debuggerd" value="running"/><property name="persist.sys.profiler_ms" value="0"/><property name="init.svc.ueventd" value="running"/><property name="ro.product.model" value="google_sdk"/><property name="gsm.operator.iso-country" value="us"/><property name="persist.sys.language" value="en"/><property name="ro.factorytest" value="0"/><property name="ro.build.fingerprint" value="generic/google_sdk/generic:4.4.2/KK/938007:eng/test-keys"/><property name="service.bootanim.exit" value="1"/><property name="ro.build.product" value="generic"/><property name="ro.bootloader" value="unknown"/><property name="init.svc.vold" value="running"/><property name="ro.setupwizard.mode" value="EMULATOR"/><property name="net.hostname" value="android-dd42b9e22cc18592"/><property name="net.bt.name" value="Android"/><property name="qemu.hw.mainkeys" value="0"/><property name="ro.build.version.sdk" value="19"/><property name="sys.usb.config" value="adb"/><property name="net.eth0.dns1" value="10.0.2.3"/><property name="init.svc.qemu-props" value="stopped"/><property name="ro.bootmode" value="unknown"/><property name="ro.baseband" value="unknown"/><property name="ro.runtime.firstboot" value="1397457227160"/><property name="ro.build.host" value="android-mac-sl-6.mtv.corp.google.com"/><property name="ARGH" value="ARGH"/><property name="ro.build.display.id" value="google_sdk-eng 4.4.2 KK 938007 test-keys"/><property name="ro.revision" value="0"/><property name="init.svc.healthd" value="running"/><property name="init.svc.qemud" value="running"/><property name="ro.kernel.android.qemud" value="ttyS1"/><property name="ro.product.locale.region" value="US"/><property name="gsm.operator.isroaming" value="false"/><property name="net.eth0.gw" value="10.0.2.2"/><property name="persist.sys.timezone" value="America/New_York"/><property name="gsm.operator.numeric" value="310260"/><property name="ro.allow.mock.location" value="1"/><property name="net.tcp.buffersize.evdo" value="4094,87380,262144,4096,16384,262144"/><property name="persist.sys.dalvik.vm.lib" value="libdvm.so"/><property name="net.tcp.buffersize.wifi" value="524288,1048576,2097152,262144,524288,1048576"/><property name="ro.kernel.qemu.gles" value="0"/><property name="net.tcp.buffersize.hsdpa" value="4094,87380,262144,4096,16384,262144"/><property name="persist.sys.localevar" value=""/><property name="ro.product.brand" value="generic"/><property name="gsm.sim.operator.numeric" value="310260"/><property name="sys.sysctl.extra_free_kbytes" value="11520"/><property name="ro.config.notification_sound" value="OnTheHunt.ogg"/><property name="ro.board.platform" value=""/><property name="ro.build.date.utc" value="1386277406"/><property name="ro.com.google.locationfeatures" value="1"/><property name="ro.product.locale.language" value="en"/><property name="ro.product.device" value="generic"/><property name="dev.bootcomplete" value="1"/><property name="qemu.sf.lcd_density" value="320"/><property name="gsm.sim.state" value="READY"/><property name="init.svc.keystore" value="running"/><property name="gsm.defaultpdpcontext.active" value="false"/><property name="ro.hardware" value="goldfish"/><property name="status.battery.level" value="5"/><property name="status.battery.level_scale" value="9"/><property name="init.svc.netd" value="running"/><property name="xmpp.auto-presence" value="true"/><property name="ro.kernel.console" value="ttyS0"/><property name="ro.build.characteristics" value="default"/><property name="ro.build.id" value="KK"/><property name="ro.radio.use-ppp" value="no"/><property name="net.tcp.buffersize.hspap" value="4094,87380,1220608,4096,16384,1220608"/><property name="net.tcp.buffersize.lte" value="524288,1048576,2097152,262144,524288,1048576"/><property name="net.tcp.buffersize.default" value="4096,87380,110208,4096,16384,110208"/><property name="net.gprs.local-ip" value="10.0.2.15"/><property name="net.tcp.buffersize.umts" value="4094,87380,110208,4096,16384,110208"/><property name="sys.usb.state" value="adb"/><property name="rild.libpath" value="/system/lib/libreference-ril.so"/><property name="sys.boot_completed" value="1"/><property name="ro.product.name" value="google_sdk"/><property name="net.change" value="net.dns1"/><property name="ro.build.tags" value="test-keys"/><property name="ro.config.alarm_alert" value="Alarm_Classic.ogg"/><property name="status.battery.level_raw" value="50"/><property name="init.svc.goldfish-logcat" value="stopped"/><property name="gsm.version.ril-impl" value="android reference-ril 1.0"/><property name="ro.product.board" value=""/><property name="init.svc.drm" value="running"/><property name="init.svc.media" value="running"/><property name="ro.build.description" value="google_sdk-eng 4.4.2 KK 938007 test-keys"/><property name="ro.build.version.codename" value="REL"/><property name="ro.config.nocheckin" value="yes"/><property name="ro.product.cpu.abi" value="armeabi-v7a"/><property name="rild.libargs" value="-d /dev/ttyS0"/><property name="ro.kernel.android.checkjni" value="1"/><property name="debug.force_rtl" value="0"/><property name="qemu.sf.fake_camera" value="none"/><property name="dalvik.vm.heapsize" value="64m"/><property name="init.svc.bootanim" value="stopped"/><property name="dalvik.vm.stack-trace-file" value="/data/anr/traces.txt"/><property name="net.tcp.buffersize.edge" value="4093,26280,35040,4096,16384,35040"/><property name="init.svc.surfaceflinger" value="running"/><property name="ro.serialno" value=""/><property name="persist.sys.country" value="US"/><property name="net.tcp.buffersize.gprs" value="4092,8760,11680,4096,8760,11680"/><property name="ro.build.date" value="Thu Dec  5 13:03:26 PST 2013"/><property name="ro.build.version.release" value="4.4.2"/><property name="init.svc.console" value="running"/><property name="wlan.driver.status" value="unloaded"/><property name="ro.product.cpu.abi2" value="armeabi"/><property name="net.tcp.buffersize.hspa" value="4094,87380,262144,4096,16384,262144"/><property name="init.svc.zygote" value="running"/><property name="init.svc.servicemanager" value="running"/><property name="gsm.current.phone-type" value="1"/><property name="ro.build.user" value="android-build"/><property name="gsm.sim.operator.iso-country" value="us"/><property name="init.svc.installd" value="running"/><property name="ro.kernel.qemu" value="1"/><property name="ro.secure" value="0"/><property name="ro.build.type" value="eng"/><property name="ro.wifi.channels" value=""/><property name="ro.build.version.incremental" value="938007"/><property name="init.svc.adbd" value="running"/><property name="init.svc.goldfish-setup" value="stopped"/><property name="net.qtaguid_enabled" value="1"/><property name="gsm.operator.alpha" value="Android"/><property name="gsm.network.type" value="UMTS"/><property name="net.dns1" value="10.0.2.3"/><property name="status.battery.state" value="Slow"/><property name="init.svc.ril-daemon" value="running"/></properties><testcase classname="com.elephanti.elephanti.test.HelloAndroidActivityTest" name="testActivity" time="2.9850"/><testcase classname="com.elephanti.elephanti.test.MainActivityTest" name="testActivity" time="3.3460"/></testsuite></testsuites>